2026-03-01 16:48:32.733: [INFO] VisibilityChanged: 0
2026-03-01 16:48:32.761: [INFO] RecordSyncInitDuration has_sync_been_enabled: 0 state: 0
2026-03-01 16:48:32.762: [INFO] RecordSyncInitDuration has_sync_been_enabled: 0 state: 0
2026-03-01 16:48:32.762: [INFO] RecordSyncInitDuration has_sync_been_enabled: 0 state: 0
2026-03-01 16:48:32.762: [INFO] RecordSyncInitDuration has_sync_been_enabled: 0 state: 0
2026-03-01 16:48:32.763: [INFO] RecordSyncInitDuration has_sync_been_enabled: 0 state: 0
2026-03-01 16:48:32.763: [INFO] RecordSyncInitDuration has_sync_been_enabled: 0 state: 0
2026-03-01 16:48:32.764: [INFO] RecordSyncInitDuration has_sync_been_enabled: 0 state: 0
2026-03-01 16:48:32.765: [INFO] RecordSyncInitDuration has_sync_been_enabled: 0 state: 0
2026-03-01 16:48:32.765: [INFO] RecordSyncInitDuration has_sync_been_enabled: 0 state: 0
2026-03-01 16:48:32.766: [INFO] RecordSyncInitDuration has_sync_been_enabled: 0 state: 0
2026-03-01 16:48:32.767: [INFO] RecordSyncInitDuration has_sync_been_enabled: 0 state: 0
2026-03-01 16:48:32.768: [INFO] RecordSyncInitDuration has_sync_been_enabled: 0 state: 0
2026-03-01 16:48:32.785: [INFO] BookmarkModelLoaded, ids_reassigned: 0
2026-03-01 16:48:32.785: [INFO] OnDoneLoading sync enabled: 0
2026-03-01 16:48:32.833: [INFO] RecordSyncInitDuration has_sync_been_enabled: 0 state: 0
2026-03-01 16:48:33.697: [INFO] RecordSyncInitDuration has_sync_been_enabled: 0 state: 0
2026-03-01 16:48:33.699: [INFO] Primary account changed.
2026-03-01 16:48:33.699: [INFO] OnPrimaryAccountChanged PrimaryAccountChangeEvent::Type::kSet
2026-03-01 16:48:33.703: [INFO] RecordSyncInitDuration has_sync_been_enabled: 0 state: 0
2026-03-01 16:48:33.704: [INFO] RecordSyncInitDuration has_sync_been_enabled: 0 state: 0
